<?xml version="1.0" encoding="UTF-8"?>
<!-- Generated by org.testng.reporters.JUnitReportReporter -->
<testsuite hostname="DESKTOP-2OU9P92" name="com.BDD.GoAudits.runner.RunTest" tests="2" failures="0" timestamp="28 Jun 2021 10:07:30 GMT" time="0.021" errors="0">
  <testcase name="runScenario" time="0.003" classname="com.BDD.GoAudits.runner.RunTest"/>
  <testcase name="runScenario" time="0.018" classname="com.BDD.GoAudits.runner.RunTest"/>
</testsuite> <!-- com.BDD.GoAudits.runner.RunTest -->
